<?xml version="1.0" encoding="UTF-8"?>
<testng-results ignored="0" total="1" passed="1" failed="0" skipped="0">
  <reporter-output>
  </reporter-output>
  <suite started-at="2023-06-24T13:24:59 IST" name="Default suite" finished-at="2023-06-24T13:25:12 IST" duration-ms="13716">
    <groups>
    </groups>
    <test started-at="2023-06-24T13:24:59 IST" name="Default test" finished-at="2023-06-24T13:25:12 IST" duration-ms="13716">
      <class name="com.youtube.MainPage.TrendingVideo_MainPage">
        <test-method signature="getTrendingVideo()[pri:0, instance:com.youtube.MainPage.TrendingVideo_MainPage@680a66dd]" started-at="2023-06-24T13:24:59 IST" name="getTrendingVideo" finished-at="2023-06-24T13:25:12 IST" duration-ms="13476" status="PASS">
          <reporter-output>
          </reporter-output>
        </test-method> <!-- getTrendingVideo -->
      </class> <!-- com.youtube.MainPage.TrendingVideo_MainPage -->
    </test> <!-- Default test -->
  </suite> <!-- Default suite -->
</testng-results>
